0 info it worked if it ends with ok
1 verbose cli [ 'node', '/usr/local/bin/npm', 'publish', './' ]
2 info using npm@2.10.1
3 info using node@v0.12.4
4 verbose node symlink /usr/local/bin/node
5 verbose publish [ './' ]
6 silly cache add args [ './', null ]
7 verbose cache add spec ./
8 silly cache add parsed spec { raw: './',
8 silly cache add   scope: null,
8 silly cache add   name: null,
8 silly cache add   rawSpec: './',
8 silly cache add   spec: '/Users/Vonagam/Documents/projects/compact-stylus',
8 silly cache add   type: 'directory' }
9 verbose addLocalDirectory /Users/Vonagam/.npm/compact-stylus/0.0.3/package.tgz not in flight; packing
10 verbose tar pack [ '/Users/Vonagam/.npm/compact-stylus/0.0.3/package.tgz',
10 verbose tar pack   '/Users/Vonagam/Documents/projects/compact-stylus' ]
11 verbose tarball /Users/Vonagam/.npm/compact-stylus/0.0.3/package.tgz
12 verbose folder /Users/Vonagam/Documents/projects/compact-stylus
13 info prepublish compact-stylus@0.0.3
14 verbose addLocalTarball adding from inside cache /Users/Vonagam/.npm/compact-stylus/0.0.3/package.tgz
15 silly cache afterAdd compact-stylus@0.0.3
16 verbose afterAdd /Users/Vonagam/.npm/compact-stylus/0.0.3/package/package.json not in flight; writing
17 verbose afterAdd /Users/Vonagam/.npm/compact-stylus/0.0.3/package/package.json written
18 silly publish { name: 'compact-stylus',
18 silly publish   version: '0.0.3',
18 silly publish   description: 'Super comact CSS using Stylus',
18 silly publish   main: 'lib/index.js',
18 silly publish   scripts: { test: 'mocha' },
18 silly publish   repository:
18 silly publish    { type: 'git',
18 silly publish      url: 'git+https://github.com/vonagam/compact-stylus.git' },
18 silly publish   keywords: [ 'stylus' ],
18 silly publish   author: { name: 'Dmitry Maganov', email: 'vonagam@gmail.com' },
18 silly publish   license: 'MIT',
18 silly publish   bugs: { url: 'https://github.com/vonagam/compact-stylus/issues' },
18 silly publish   homepage: 'https://github.com/vonagam/compact-stylus',
18 silly publish   devDependencies: { chai: '~2.0.0', mocha: '~2.1.0', stylus: '~0.50.0' },
18 silly publish   readme: '# compact-stylus\n\n## Installation\n\nJust import \'index.styl\' in your stylus file.\n\n## Example\n\n<-\n~~~stylus\n@import \'compact-stylus\'\n\n.without_meaning\n  wid 100% max 50\n  mar x aut t 5\n  pos rel t 1 z 2\n  txt siz 16 fnt \'OpenSans\' wei 9 ali cen clr black\n  tra opa 1 e-in-out 3\n~~~\n\n->\n~~~css\n.without_meaning {\n  width: 100%;\n  max-width: 50px;\n  margin-left: auto;\n  margin-right: auto;\n  margin-top: 5px;\n  position: relative;\n  top: 1px;\n  z-index: 2;\n  font-size: 12px;\n  font-family: \'OpenSans\';\n  font-weight: 900;\n  text-align: center;\n  color: black;\n  transition: opacity 1s ease-in-out 3s;\n}\n~~~\n\n## Usage\n\nLet\'s say we want to say \'background-size: cover;\'.  \nFor this we see the dictionary \'lib/js/dictionaries/compact.js\'.  \nWe find that \'background-size\' is associated with \'size\' property in \'background\'.  \nIt\'s not always so straightforward, for example,  \n\'font-size\' is \'size\' in \'text\' or \'order\' is \'order\' in \'flex\'.  \nWe apply the abbreviation rule described below to \'background\', \'size\' and \'cover\'.  \nAnd then by combining results we get \'bac siz cvr\'.  \n\nLet\'s do it again for \'color: inherited;\'.  \n\'color\' is \'color\' in \'text\', so we get \'text\', \'color\', \'inherited\'.  \nThe result is \'txt clr inh\'.  \n\n### The Abbreviation Rule\n\nImplementation is in \'lib/js/init/minify.js\'.  \n\nIf string has length <= 3, then string won\'t need abbreviation.  \nIf string has the hyphen sign (\'-\') in it, then split the string by \'-\' and apply this rule to parts.  \nIf string has only 2 consonants except for a first letter,  \nthen the result will be the first letter and those two consonants,  \notherwise it will be first 3 letters.  \n\nExamples:  \ntop -> top  \nsize -> siz  \nfont -> fnt  \ndisplay-block -> dis-blo  \n',
18 silly publish   readmeFilename: 'README.md',
18 silly publish   gitHead: '310e440f068bf685519e45f2d400c469c3b940be',
18 silly publish   _id: 'compact-stylus@0.0.3',
18 silly publish   _shasum: 'd7b8f0d5ae12b0dd727e1389fc7f73007ca6b39a',
18 silly publish   _from: '.' }
19 verbose getPublishConfig undefined
20 silly mapToRegistry name compact-stylus
21 silly mapToRegistry using default registry
22 silly mapToRegistry registry https://registry.npmjs.org/
23 silly mapToRegistry uri https://registry.npmjs.org/compact-stylus
24 verbose publish registryBase https://registry.npmjs.org/
25 silly publish uploading /Users/Vonagam/.npm/compact-stylus/0.0.3/package.tgz
26 verbose request uri https://registry.npmjs.org/compact-stylus
27 verbose request sending authorization for write operation
28 info attempt registry request try #1 at 10:12:36
29 verbose request using bearer token for auth
30 verbose request id 691f8c4496238820
31 http request PUT https://registry.npmjs.org/compact-stylus
32 http 403 https://registry.npmjs.org/compact-stylus
33 verbose headers { 'content-type': 'application/json',
33 verbose headers   'cache-control': 'max-age=60',
33 verbose headers   'content-length': '128',
33 verbose headers   'accept-ranges': 'bytes',
33 verbose headers   date: 'Tue, 07 Jul 2015 04:12:22 GMT',
33 verbose headers   via: '1.1 varnish',
33 verbose headers   connection: 'keep-alive',
33 verbose headers   'x-served-by': 'cache-lcy1120-LCY',
33 verbose headers   'x-cache': 'MISS',
33 verbose headers   'x-cache-hits': '0',
33 verbose headers   'x-timer': 'S1436242341.526783,VS0,VE924' }
34 verbose request invalidating /Users/Vonagam/.npm/registry.npmjs.org/compact-stylus on PUT
35 error publish Failed PUT 403
36 verbose stack Error: "You cannot publish over the previously published version 0.0.3. Try bumping the version to 1.0.0" : compact-stylus
36 verbose stack     at CachingRegistryClient.<anonymous> (/usr/local/lib/node_modules/npm/node_modules/npm-registry-client/lib/request.js:247:14)
36 verbose stack     at Request._callback (/usr/local/lib/node_modules/npm/node_modules/npm-registry-client/lib/request.js:170:14)
36 verbose stack     at Request.self.callback (/usr/local/lib/node_modules/npm/node_modules/request/request.js:368:22)
36 verbose stack     at Request.emit (events.js:110:17)
36 verbose stack     at Request.<anonymous> (/usr/local/lib/node_modules/npm/node_modules/request/request.js:1219:14)
36 verbose stack     at Request.emit (events.js:129:20)
36 verbose stack     at IncomingMessage.<anonymous> (/usr/local/lib/node_modules/npm/node_modules/request/request.js:1167:12)
36 verbose stack     at IncomingMessage.emit (events.js:129:20)
36 verbose stack     at _stream_readable.js:908:16
36 verbose stack     at process._tickCallback (node.js:355:11)
37 verbose statusCode 403
38 verbose pkgid compact-stylus
39 verbose cwd /Users/Vonagam/Documents/projects/compact-stylus
40 error Darwin 14.3.0
41 error argv "node" "/usr/local/bin/npm" "publish" "./"
42 error node v0.12.4
43 error npm  v2.10.1
44 error code E403
45 error "You cannot publish over the previously published version 0.0.3. Try bumping the version to 1.0.0" : compact-stylus
46 error If you need help, you may report this error at:
46 error     <https://github.com/npm/npm/issues>
47 verbose exit [ 1, true ]
